{"logTime": "0608/204845", "correlationVector":"RkAREhcy5S3F/78ZIXFb11","action":"SyncServerConnectionManagerRequest", "result":"SYNC_SERVER_OK", "context":{"environment":"", "migrationStage":"", "server":""}}
{"logTime": "0608/204845", "correlationVector":"Mb7cuMf0L59YYNqHDwP2w9.1","action":"SyncServerConnectionManagerRequest", "result":"SYNC_SERVER_OK", "context":{"environment":"Prod_WestEurope_000l", "migrationStage":"NotStarted", "server":"general0100000Z"}}
{"logTime": "0608/204845", "correlationVector":"Mb7cuMf0L59YYNqHDwP2w9","action":"Initial GetUpdates", "result":"", "context":Reason: NEW_CLIENT. cV=Mb7cuMf0L59YYNqHDwP2w9}
{"logTime": "0608/204845", "correlationVector":"Mb7cuMf0L59YYNqHDwP2w9.2","action":"GetUpdates Response", "result":"Success", "context":Received 1 update(s). cV=Mb7cuMf0L59YYNqHDwP2w9.0;server=general0100000Z;cloudType=Consumer;environment=Prod_WestEurope_000l;migrationStage=NotStarted}
{"logTime": "0608/204855", "correlationVector":"9qet5zdx7lRAlc+dLUc/8p","action":"Initial GetUpdates", "result":"", "context":Reason: NEW_CLIENT. cV=9qet5zdx7lRAlc+dLUc/8p}
{"logTime": "0608/204855", "correlationVector":"9qet5zdx7lRAlc+dLUc/8p.1","action":"SyncServerConnectionManagerRequest", "result":"SYNC_SERVER_OK", "context":{"environment":"Prod_WestEurope_000l", "migrationStage":"NotStarted", "server":"general01000007"}}
{"logTime": "0608/204855", "correlationVector":"9qet5zdx7lRAlc+dLUc/8p.2","action":"GetUpdates Response", "result":"Success", "context":Received 2 update(s). cV=9qet5zdx7lRAlc+dLUc/8p.0;server=general01000007;cloudType=Consumer;environment=Prod_WestEurope_000l;migrationStage=NotStarted}
{"logTime": "0608/204855", "correlationVector":"jfvhBRvzDYOOLddMUTNB7t","action":"Normal GetUpdate request", "result":"", "context":cV=jfvhBRvzDYOOLddMUTNB7t
Nudged types: Device Info, User Consents
Refresh requested types: Device Info, User Consents, Send Tab To Self, Encryption Keys}
{"logTime": "0608/204855", "correlationVector":"jfvhBRvzDYOOLddMUTNB7t.1","action":"SyncServerConnectionManagerRequest", "result":"SYNC_SERVER_OK", "context":{"environment":"Prod_WestEurope_000l", "migrationStage":"NotStarted", "server":"GENERAL01000009"}}
{"logTime": "0608/204855", "correlationVector":"jfvhBRvzDYOOLddMUTNB7t.2","action":"GetUpdates Response", "result":"Success", "context":Received 0 update(s). cV=jfvhBRvzDYOOLddMUTNB7t.0;server=GENERAL01000009;cloudType=Consumer;environment=Prod_WestEurope_000l;migrationStage=NotStarted}
{"logTime": "0608/204855", "correlationVector":"T9/tik19ARkJIbJ8i76uWU","action":"Commit Request", "result":"", "context":Item count: 2
Contributing types: Device Info, User Consents}
{"logTime": "0608/204856", "correlationVector":"T9/tik19ARkJIbJ8i76uWU.1","action":"SyncServerConnectionManagerRequest", "result":"SYNC_SERVER_OK", "context":{"environment":"Prod_WestEurope_000l", "migrationStage":"NotStarted", "server":"GENERAL01000005"}}
{"logTime": "0608/204856", "correlationVector":"T9/tik19ARkJIbJ8i76uWU.2","action":"Commit Response", "result":"Success", "context":Result: Success. cV=T9/tik19ARkJIbJ8i76uWU.0;server=GENERAL01000005;cloudType=Consumer;environment=Prod_WestEurope_000l;migrationStage=NotStarted}
{"logTime": "0608/204856", "correlationVector":"qqdTSI8FOKPLaqFiWdD4F2","action":"Normal GetUpdate request", "result":"", "context":cV=qqdTSI8FOKPLaqFiWdD4F2
Nudged types: Device Info}
{"logTime": "0608/204856", "correlationVector":"qqdTSI8FOKPLaqFiWdD4F2.1","action":"SyncServerConnectionManagerRequest", "result":"SYNC_SERVER_OK", "context":{"environment":"Prod_WestEurope_000l", "migrationStage":"NotStarted", "server":"GENERAL0100000I"}}
{"logTime": "0608/204856", "correlationVector":"qqdTSI8FOKPLaqFiWdD4F2.2","action":"GetUpdates Response", "result":"Success", "context":Received 1 update(s). cV=qqdTSI8FOKPLaqFiWdD4F2.0;server=GENERAL0100000I;cloudType=Consumer;environment=Prod_WestEurope_000l;migrationStage=NotStarted}
